<?xml version="1.0" encoding="UTF-8"?>
<testsuite xmlns:xsi="http://www.w3.org/2001/XMLSchema-instance" xsi:noNamespaceSchemaLocation="https://maven.apache.org/surefire/maven-surefire-plugin/xsd/surefire-test-report.xsd" name="at.fhtw.swen3.services.mapper.EntitiesMappersTest" time="0.241" tests="18" errors="0" skipped="0" failures="0">
  <properties>
    <property name="java.specification.version" value="17"/>
    <property name="sun.cpu.isalist" value="amd64"/>
    <property name="sun.jnu.encoding" value="Cp1252"/>
    <property name="java.class.path" value="C:\Users\Manuel\Documents\FHTW_BIF5_WS2022\SWKOM\ParcelTracking\target\test-classes;C:\Users\Manuel\Documents\FHTW_BIF5_WS2022\SWKOM\ParcelTracking\target\classes;C:\Users\Manuel\.m2\repository\javax\servlet\javax.servlet-api\4.0.1\javax.servlet-api-4.0.1.jar;C:\Users\Manuel\.m2\repository\org\springframework\boot\spring-boot-starter-web\2.1.16.RELEASE\spring-boot-starter-web-2.1.16.RELEASE.jar;C:\Users\Manuel\.m2\repository\org\springframework\boot\spring-boot-starter\2.1.16.RELEASE\spring-boot-starter-2.1.16.RELEASE.jar;C:\Users\Manuel\.m2\repository\org\springframework\boot\spring-boot\2.1.16.RELEASE\spring-boot-2.1.16.RELEASE.jar;C:\Users\Manuel\.m2\repository\org\springframework\boot\spring-boot-autoconfigure\2.1.16.RELEASE\spring-boot-autoconfigure-2.1.16.RELEASE.jar;C:\Users\Manuel\.m2\repository\org\springframework\boot\spring-boot-starter-logging\2.1.16.RELEASE\spring-boot-starter-logging-2.1.16.RELEASE.jar;C:\Users\Manuel\.m2\repository\ch\qos\logback\logback-classic\1.2.3\logback-classic-1.2.3.jar;C:\Users\Manuel\.m2\repository\ch\qos\logback\logback-core\1.2.3\logback-core-1.2.3.jar;C:\Users\Manuel\.m2\repository\org\apache\logging\log4j\log4j-to-slf4j\2.11.2\log4j-to-slf4j-2.11.2.jar;C:\Users\Manuel\.m2\repository\org\apache\logging\log4j\log4j-api\2.11.2\log4j-api-2.11.2.jar;C:\Users\Manuel\.m2\repository\org\slf4j\jul-to-slf4j\1.7.30\jul-to-slf4j-1.7.30.jar;C:\Users\Manuel\.m2\repository\org\yaml\snakeyaml\1.23\snakeyaml-1.23.jar;C:\Users\Manuel\.m2\repository\org\springframework\boot\spring-boot-starter-json\2.1.16.RELEASE\spring-boot-starter-json-2.1.16.RELEASE.jar;C:\Users\Manuel\.m2\repository\com\fasterxml\jackson\datatype\jackson-datatype-jdk8\2.9.10\jackson-datatype-jdk8-2.9.10.jar;C:\Users\Manuel\.m2\repository\com\fasterxml\jackson\datatype\jackson-datatype-jsr310\2.9.10\jackson-datatype-jsr310-2.9.10.jar;C:\Users\Manuel\.m2\repository\com\fasterxml\jackson\module\jackson-module-parameter-names\2.9.10\jackson-module-parameter-names-2.9.10.jar;C:\Users\Manuel\.m2\repository\org\hibernate\validator\hibernate-validator\6.0.20.Final\hibernate-validator-6.0.20.Final.jar;C:\Users\Manuel\.m2\repository\org\jboss\logging\jboss-logging\3.3.3.Final\jboss-logging-3.3.3.Final.jar;C:\Users\Manuel\.m2\repository\org\springframework\spring-web\5.1.17.RELEASE\spring-web-5.1.17.RELEASE.jar;C:\Users\Manuel\.m2\repository\org\springframework\spring-webmvc\5.1.17.RELEASE\spring-webmvc-5.1.17.RELEASE.jar;C:\Users\Manuel\.m2\repository\org\springframework\spring-expression\5.1.17.RELEASE\spring-expression-5.1.17.RELEASE.jar;C:\Users\Manuel\.m2\repository\org\springframework\boot\spring-boot-starter-tomcat\2.1.16.RELEASE\spring-boot-starter-tomcat-2.1.16.RELEASE.jar;C:\Users\Manuel\.m2\repository\javax\annotation\javax.annotation-api\1.3.2\javax.annotation-api-1.3.2.jar;C:\Users\Manuel\.m2\repository\org\apache\tomcat\embed\tomcat-embed-core\9.0.37\tomcat-embed-core-9.0.37.jar;C:\Users\Manuel\.m2\repository\org\apache\tomcat\embed\tomcat-embed-el\9.0.37\tomcat-embed-el-9.0.37.jar;C:\Users\Manuel\.m2\repository\org\apache\tomcat\embed\tomcat-embed-websocket\9.0.37\tomcat-embed-websocket-9.0.37.jar;C:\Users\Manuel\.m2\repository\io\springfox\springfox-oas\3.0.0\springfox-oas-3.0.0.jar;C:\Users\Manuel\.m2\repository\io\swagger\core\v3\swagger-annotations\2.1.2\swagger-annotations-2.1.2.jar;C:\Users\Manuel\.m2\repository\io\swagger\core\v3\swagger-models\2.1.2\swagger-models-2.1.2.jar;C:\Users\Manuel\.m2\repository\com\fasterxml\jackson\core\jackson-annotations\2.9.10\jackson-annotations-2.9.10.jar;C:\Users\Manuel\.m2\repository\io\springfox\springfox-spi\3.0.0\springfox-spi-3.0.0.jar;C:\Users\Manuel\.m2\repository\io\springfox\springfox-schema\3.0.0\springfox-schema-3.0.0.jar;C:\Users\Manuel\.m2\repository\io\springfox\springfox-core\3.0.0\springfox-core-3.0.0.jar;C:\Users\Manuel\.m2\repository\net\bytebuddy\byte-buddy\1.9.16\byte-buddy-1.9.16.jar;C:\Users\Manuel\.m2\repository\io\springfox\springfox-spring-web\3.0.0\springfox-spring-web-3.0.0.jar;C:\Users\Manuel\.m2\repository\io\github\classgraph\classgraph\4.8.83\classgraph-4.8.83.jar;C:\Users\Manuel\.m2\repository\io\springfox\springfox-spring-webmvc\3.0.0\springfox-spring-webmvc-3.0.0.jar;C:\Users\Manuel\.m2\repository\io\springfox\springfox-spring-webflux\3.0.0\springfox-spring-webflux-3.0.0.jar;C:\Users\Manuel\.m2\repository\io\springfox\springfox-swagger-common\3.0.0\springfox-swagger-common-3.0.0.jar;C:\Users\Manuel\.m2\repository\io\swagger\swagger-annotations\1.5.20\swagger-annotations-1.5.20.jar;C:\Users\Manuel\.m2\repository\io\swagger\swagger-models\1.5.20\swagger-models-1.5.20.jar;C:\Users\Manuel\.m2\repository\com\fasterxml\classmate\1.4.0\classmate-1.4.0.jar;C:\Users\Manuel\.m2\repository\org\slf4j\slf4j-api\1.7.30\slf4j-api-1.7.30.jar;C:\Users\Manuel\.m2\repository\org\springframework\plugin\spring-plugin-metadata\1.2.0.RELEASE\spring-plugin-metadata-1.2.0.RELEASE.jar;C:\Users\Manuel\.m2\repository\io\springfox\springfox-swagger-ui\3.0.0\springfox-swagger-ui-3.0.0.jar;C:\Users\Manuel\.m2\repository\com\github\joschi\jackson\jackson-datatype-threetenbp\2.6.4\jackson-datatype-threetenbp-2.6.4.jar;C:\Users\Manuel\.m2\repository\org\threeten\threetenbp\1.3.1\threetenbp-1.3.1.jar;C:\Users\Manuel\.m2\repository\com\fasterxml\jackson\core\jackson-core\2.9.10\jackson-core-2.9.10.jar;C:\Users\Manuel\.m2\repository\com\fasterxml\jackson\core\jackson-databind\2.9.10.5\jackson-databind-2.9.10.5.jar;C:\Users\Manuel\.m2\repository\org\springframework\plugin\spring-plugin-core\2.0.0.RELEASE\spring-plugin-core-2.0.0.RELEASE.jar;C:\Users\Manuel\.m2\repository\org\springframework\spring-beans\5.1.17.RELEASE\spring-beans-5.1.17.RELEASE.jar;C:\Users\Manuel\.m2\repository\org\springframework\spring-context\5.1.17.RELEASE\spring-context-5.1.17.RELEASE.jar;C:\Users\Manuel\.m2\repository\org\springframework\spring-aop\5.1.17.RELEASE\spring-aop-5.1.17.RELEASE.jar;C:\Users\Manuel\.m2\repository\org\springframework\boot\spring-boot-starter-test\2.1.16.RELEASE\spring-boot-starter-test-2.1.16.RELEASE.jar;C:\Users\Manuel\.m2\repository\org\springframework\boot\spring-boot-test\2.1.16.RELEASE\spring-boot-test-2.1.16.RELEASE.jar;C:\Users\Manuel\.m2\repository\org\springframework\boot\spring-boot-test-autoconfigure\2.1.16.RELEASE\spring-boot-test-autoconfigure-2.1.16.RELEASE.jar;C:\Users\Manuel\.m2\repository\com\jayway\jsonpath\json-path\2.4.0\json-path-2.4.0.jar;C:\Users\Manuel\.m2\repository\net\minidev\json-smart\2.3\json-smart-2.3.jar;C:\Users\Manuel\.m2\repository\net\minidev\accessors-smart\1.2\accessors-smart-1.2.jar;C:\Users\Manuel\.m2\repository\org\ow2\asm\asm\5.0.4\asm-5.0.4.jar;C:\Users\Manuel\.m2\repository\junit\junit\4.12\junit-4.12.jar;C:\Users\Manuel\.m2\repository\org\assertj\assertj-core\3.11.1\assertj-core-3.11.1.jar;C:\Users\Manuel\.m2\repository\org\mockito\mockito-core\2.23.4\mockito-core-2.23.4.jar;C:\Users\Manuel\.m2\repository\net\bytebuddy\byte-buddy-agent\1.9.16\byte-buddy-agent-1.9.16.jar;C:\Users\Manuel\.m2\repository\org\objenesis\objenesis\2.6\objenesis-2.6.jar;C:\Users\Manuel\.m2\repository\org\hamcrest\hamcrest-core\1.3\hamcrest-core-1.3.jar;C:\Users\Manuel\.m2\repository\org\hamcrest\hamcrest-library\1.3\hamcrest-library-1.3.jar;C:\Users\Manuel\.m2\repository\org\skyscreamer\jsonassert\1.5.0\jsonassert-1.5.0.jar;C:\Users\Manuel\.m2\repository\com\vaadin\external\google\android-json\0.0.20131108.vaadin1\android-json-0.0.20131108.vaadin1.jar;C:\Users\Manuel\.m2\repository\org\springframework\spring-core\5.1.17.RELEASE\spring-core-5.1.17.RELEASE.jar;C:\Users\Manuel\.m2\repository\org\springframework\spring-jcl\5.1.17.RELEASE\spring-jcl-5.1.17.RELEASE.jar;C:\Users\Manuel\.m2\repository\org\springframework\spring-test\5.1.17.RELEASE\spring-test-5.1.17.RELEASE.jar;C:\Users\Manuel\.m2\repository\org\xmlunit\xmlunit-core\2.6.4\xmlunit-core-2.6.4.jar;C:\Users\Manuel\.m2\repository\javax\validation\validation-api\2.0.1.Final\validation-api-2.0.1.Final.jar;C:\Users\Manuel\.m2\repository\javax\xml\bind\jaxb-api\2.3.1\jaxb-api-2.3.1.jar;C:\Users\Manuel\.m2\repository\javax\activation\javax.activation-api\1.2.0\javax.activation-api-1.2.0.jar;C:\Users\Manuel\.m2\repository\org\mapstruct\mapstruct\1.4.2.Final\mapstruct-1.4.2.Final.jar;C:\Users\Manuel\.m2\repository\org\mapstruct\mapstruct-processor\1.4.2.Final\mapstruct-processor-1.4.2.Final.jar;C:\Users\Manuel\.m2\repository\org\projectlombok\lombok\1.18.24\lombok-1.18.24.jar;"/>
    <property name="java.vm.vendor" value="Oracle Corporation"/>
    <property name="sun.arch.data.model" value="64"/>
    <property name="user.variant" value=""/>
    <property name="java.vendor.url" value="https://java.oracle.com/"/>
    <property name="user.timezone" value="Europe/Vienna"/>
    <property name="os.name" value="Windows 10"/>
    <property name="java.vm.specification.version" value="17"/>
    <property name="sun.java.launcher" value="SUN_STANDARD"/>
    <property name="user.country" value="AT"/>
    <property name="sun.boot.library.path" value="C:\Users\Manuel\.jdks\openjdk-17.0.1\bin"/>
    <property name="sun.java.command" value="C:\Users\Manuel\AppData\Local\Temp\surefire12852124142722791304\surefirebooter11367365386305489567.jar C:\Users\Manuel\AppData\Local\Temp\surefire12852124142722791304 2022-11-02T17-36-36_134-jvmRun1 surefire5377912312775404039tmp surefire_09376935942702125705tmp"/>
    <property name="jdk.debug" value="release"/>
    <property name="surefire.test.class.path" value="C:\Users\Manuel\Documents\FHTW_BIF5_WS2022\SWKOM\ParcelTracking\target\test-classes;C:\Users\Manuel\Documents\FHTW_BIF5_WS2022\SWKOM\ParcelTracking\target\classes;C:\Users\Manuel\.m2\repository\javax\servlet\javax.servlet-api\4.0.1\javax.servlet-api-4.0.1.jar;C:\Users\Manuel\.m2\repository\org\springframework\boot\spring-boot-starter-web\2.1.16.RELEASE\spring-boot-starter-web-2.1.16.RELEASE.jar;C:\Users\Manuel\.m2\repository\org\springframework\boot\spring-boot-starter\2.1.16.RELEASE\spring-boot-starter-2.1.16.RELEASE.jar;C:\Users\Manuel\.m2\repository\org\springframework\boot\spring-boot\2.1.16.RELEASE\spring-boot-2.1.16.RELEASE.jar;C:\Users\Manuel\.m2\repository\org\springframework\boot\spring-boot-autoconfigure\2.1.16.RELEASE\spring-boot-autoconfigure-2.1.16.RELEASE.jar;C:\Users\Manuel\.m2\repository\org\springframework\boot\spring-boot-starter-logging\2.1.16.RELEASE\spring-boot-starter-logging-2.1.16.RELEASE.jar;C:\Users\Manuel\.m2\repository\ch\qos\logback\logback-classic\1.2.3\logback-classic-1.2.3.jar;C:\Users\Manuel\.m2\repository\ch\qos\logback\logback-core\1.2.3\logback-core-1.2.3.jar;C:\Users\Manuel\.m2\repository\org\apache\logging\log4j\log4j-to-slf4j\2.11.2\log4j-to-slf4j-2.11.2.jar;C:\Users\Manuel\.m2\repository\org\apache\logging\log4j\log4j-api\2.11.2\log4j-api-2.11.2.jar;C:\Users\Manuel\.m2\repository\org\slf4j\jul-to-slf4j\1.7.30\jul-to-slf4j-1.7.30.jar;C:\Users\Manuel\.m2\repository\org\yaml\snakeyaml\1.23\snakeyaml-1.23.jar;C:\Users\Manuel\.m2\repository\org\springframework\boot\spring-boot-starter-json\2.1.16.RELEASE\spring-boot-starter-json-2.1.16.RELEASE.jar;C:\Users\Manuel\.m2\repository\com\fasterxml\jackson\datatype\jackson-datatype-jdk8\2.9.10\jackson-datatype-jdk8-2.9.10.jar;C:\Users\Manuel\.m2\repository\com\fasterxml\jackson\datatype\jackson-datatype-jsr310\2.9.10\jackson-datatype-jsr310-2.9.10.jar;C:\Users\Manuel\.m2\repository\com\fasterxml\jackson\module\jackson-module-parameter-names\2.9.10\jackson-module-parameter-names-2.9.10.jar;C:\Users\Manuel\.m2\repository\org\hibernate\validator\hibernate-validator\6.0.20.Final\hibernate-validator-6.0.20.Final.jar;C:\Users\Manuel\.m2\repository\org\jboss\logging\jboss-logging\3.3.3.Final\jboss-logging-3.3.3.Final.jar;C:\Users\Manuel\.m2\repository\org\springframework\spring-web\5.1.17.RELEASE\spring-web-5.1.17.RELEASE.jar;C:\Users\Manuel\.m2\repository\org\springframework\spring-webmvc\5.1.17.RELEASE\spring-webmvc-5.1.17.RELEASE.jar;C:\Users\Manuel\.m2\repository\org\springframework\spring-expression\5.1.17.RELEASE\spring-expression-5.1.17.RELEASE.jar;C:\Users\Manuel\.m2\repository\org\springframework\boot\spring-boot-starter-tomcat\2.1.16.RELEASE\spring-boot-starter-tomcat-2.1.16.RELEASE.jar;C:\Users\Manuel\.m2\repository\javax\annotation\javax.annotation-api\1.3.2\javax.annotation-api-1.3.2.jar;C:\Users\Manuel\.m2\repository\org\apache\tomcat\embed\tomcat-embed-core\9.0.37\tomcat-embed-core-9.0.37.jar;C:\Users\Manuel\.m2\repository\org\apache\tomcat\embed\tomcat-embed-el\9.0.37\tomcat-embed-el-9.0.37.jar;C:\Users\Manuel\.m2\repository\org\apache\tomcat\embed\tomcat-embed-websocket\9.0.37\tomcat-embed-websocket-9.0.37.jar;C:\Users\Manuel\.m2\repository\io\springfox\springfox-oas\3.0.0\springfox-oas-3.0.0.jar;C:\Users\Manuel\.m2\repository\io\swagger\core\v3\swagger-annotations\2.1.2\swagger-annotations-2.1.2.jar;C:\Users\Manuel\.m2\repository\io\swagger\core\v3\swagger-models\2.1.2\swagger-models-2.1.2.jar;C:\Users\Manuel\.m2\repository\com\fasterxml\jackson\core\jackson-annotations\2.9.10\jackson-annotations-2.9.10.jar;C:\Users\Manuel\.m2\repository\io\springfox\springfox-spi\3.0.0\springfox-spi-3.0.0.jar;C:\Users\Manuel\.m2\repository\io\springfox\springfox-schema\3.0.0\springfox-schema-3.0.0.jar;C:\Users\Manuel\.m2\repository\io\springfox\springfox-core\3.0.0\springfox-core-3.0.0.jar;C:\Users\Manuel\.m2\repository\net\bytebuddy\byte-buddy\1.9.16\byte-buddy-1.9.16.jar;C:\Users\Manuel\.m2\repository\io\springfox\springfox-spring-web\3.0.0\springfox-spring-web-3.0.0.jar;C:\Users\Manuel\.m2\repository\io\github\classgraph\classgraph\4.8.83\classgraph-4.8.83.jar;C:\Users\Manuel\.m2\repository\io\springfox\springfox-spring-webmvc\3.0.0\springfox-spring-webmvc-3.0.0.jar;C:\Users\Manuel\.m2\repository\io\springfox\springfox-spring-webflux\3.0.0\springfox-spring-webflux-3.0.0.jar;C:\Users\Manuel\.m2\repository\io\springfox\springfox-swagger-common\3.0.0\springfox-swagger-common-3.0.0.jar;C:\Users\Manuel\.m2\repository\io\swagger\swagger-annotations\1.5.20\swagger-annotations-1.5.20.jar;C:\Users\Manuel\.m2\repository\io\swagger\swagger-models\1.5.20\swagger-models-1.5.20.jar;C:\Users\Manuel\.m2\repository\com\fasterxml\classmate\1.4.0\classmate-1.4.0.jar;C:\Users\Manuel\.m2\repository\org\slf4j\slf4j-api\1.7.30\slf4j-api-1.7.30.jar;C:\Users\Manuel\.m2\repository\org\springframework\plugin\spring-plugin-metadata\1.2.0.RELEASE\spring-plugin-metadata-1.2.0.RELEASE.jar;C:\Users\Manuel\.m2\repository\io\springfox\springfox-swagger-ui\3.0.0\springfox-swagger-ui-3.0.0.jar;C:\Users\Manuel\.m2\repository\com\github\joschi\jackson\jackson-datatype-threetenbp\2.6.4\jackson-datatype-threetenbp-2.6.4.jar;C:\Users\Manuel\.m2\repository\org\threeten\threetenbp\1.3.1\threetenbp-1.3.1.jar;C:\Users\Manuel\.m2\repository\com\fasterxml\jackson\core\jackson-core\2.9.10\jackson-core-2.9.10.jar;C:\Users\Manuel\.m2\repository\com\fasterxml\jackson\core\jackson-databind\2.9.10.5\jackson-databind-2.9.10.5.jar;C:\Users\Manuel\.m2\repository\org\springframework\plugin\spring-plugin-core\2.0.0.RELEASE\spring-plugin-core-2.0.0.RELEASE.jar;C:\Users\Manuel\.m2\repository\org\springframework\spring-beans\5.1.17.RELEASE\spring-beans-5.1.17.RELEASE.jar;C:\Users\Manuel\.m2\repository\org\springframework\spring-context\5.1.17.RELEASE\spring-context-5.1.17.RELEASE.jar;C:\Users\Manuel\.m2\repository\org\springframework\spring-aop\5.1.17.RELEASE\spring-aop-5.1.17.RELEASE.jar;C:\Users\Manuel\.m2\repository\org\springframework\boot\spring-boot-starter-test\2.1.16.RELEASE\spring-boot-starter-test-2.1.16.RELEASE.jar;C:\Users\Manuel\.m2\repository\org\springframework\boot\spring-boot-test\2.1.16.RELEASE\spring-boot-test-2.1.16.RELEASE.jar;C:\Users\Manuel\.m2\repository\org\springframework\boot\spring-boot-test-autoconfigure\2.1.16.RELEASE\spring-boot-test-autoconfigure-2.1.16.RELEASE.jar;C:\Users\Manuel\.m2\repository\com\jayway\jsonpath\json-path\2.4.0\json-path-2.4.0.jar;C:\Users\Manuel\.m2\repository\net\minidev\json-smart\2.3\json-smart-2.3.jar;C:\Users\Manuel\.m2\repository\net\minidev\accessors-smart\1.2\accessors-smart-1.2.jar;C:\Users\Manuel\.m2\repository\org\ow2\asm\asm\5.0.4\asm-5.0.4.jar;C:\Users\Manuel\.m2\repository\junit\junit\4.12\junit-4.12.jar;C:\Users\Manuel\.m2\repository\org\assertj\assertj-core\3.11.1\assertj-core-3.11.1.jar;C:\Users\Manuel\.m2\repository\org\mockito\mockito-core\2.23.4\mockito-core-2.23.4.jar;C:\Users\Manuel\.m2\repository\net\bytebuddy\byte-buddy-agent\1.9.16\byte-buddy-agent-1.9.16.jar;C:\Users\Manuel\.m2\repository\org\objenesis\objenesis\2.6\objenesis-2.6.jar;C:\Users\Manuel\.m2\repository\org\hamcrest\hamcrest-core\1.3\hamcrest-core-1.3.jar;C:\Users\Manuel\.m2\repository\org\hamcrest\hamcrest-library\1.3\hamcrest-library-1.3.jar;C:\Users\Manuel\.m2\repository\org\skyscreamer\jsonassert\1.5.0\jsonassert-1.5.0.jar;C:\Users\Manuel\.m2\repository\com\vaadin\external\google\android-json\0.0.20131108.vaadin1\android-json-0.0.20131108.vaadin1.jar;C:\Users\Manuel\.m2\repository\org\springframework\spring-core\5.1.17.RELEASE\spring-core-5.1.17.RELEASE.jar;C:\Users\Manuel\.m2\repository\org\springframework\spring-jcl\5.1.17.RELEASE\spring-jcl-5.1.17.RELEASE.jar;C:\Users\Manuel\.m2\repository\org\springframework\spring-test\5.1.17.RELEASE\spring-test-5.1.17.RELEASE.jar;C:\Users\Manuel\.m2\repository\org\xmlunit\xmlunit-core\2.6.4\xmlunit-core-2.6.4.jar;C:\Users\Manuel\.m2\repository\javax\validation\validation-api\2.0.1.Final\validation-api-2.0.1.Final.jar;C:\Users\Manuel\.m2\repository\javax\xml\bind\jaxb-api\2.3.1\jaxb-api-2.3.1.jar;C:\Users\Manuel\.m2\repository\javax\activation\javax.activation-api\1.2.0\javax.activation-api-1.2.0.jar;C:\Users\Manuel\.m2\repository\org\mapstruct\mapstruct\1.4.2.Final\mapstruct-1.4.2.Final.jar;C:\Users\Manuel\.m2\repository\org\mapstruct\mapstruct-processor\1.4.2.Final\mapstruct-processor-1.4.2.Final.jar;C:\Users\Manuel\.m2\repository\org\projectlombok\lombok\1.18.24\lombok-1.18.24.jar;"/>
    <property name="sun.cpu.endian" value="little"/>
    <property name="user.home" value="C:\Users\Manuel"/>
    <property name="user.language" value="de"/>
    <property name="java.specification.vendor" value="Oracle Corporation"/>
    <property name="java.version.date" value="2021-10-19"/>
    <property name="java.home" value="C:\Users\Manuel\.jdks\openjdk-17.0.1"/>
    <property name="file.separator" value="\"/>
    <property name="basedir" value="C:\Users\Manuel\Documents\FHTW_BIF5_WS2022\SWKOM\ParcelTracking"/>
    <property name="java.vm.compressedOopsMode" value="32-bit"/>
    <property name="line.separator" value="&#10;"/>
    <property name="java.vm.specification.vendor" value="Oracle Corporation"/>
    <property name="java.specification.name" value="Java Platform API Specification"/>
    <property name="surefire.real.class.path" value="C:\Users\Manuel\AppData\Local\Temp\surefire12852124142722791304\surefirebooter11367365386305489567.jar"/>
    <property name="user.script" value=""/>
    <property name="sun.management.compiler" value="HotSpot 64-Bit Tiered Compilers"/>
    <property name="java.runtime.version" value="17.0.1+12-39"/>
    <property name="user.name" value="Manuel"/>
    <property name="path.separator" value=";"/>
    <property name="os.version" value="10.0"/>
    <property name="java.runtime.name" value="OpenJDK Runtime Environment"/>
    <property name="file.encoding" value="Cp1252"/>
    <property name="java.vm.name" value="OpenJDK 64-Bit Server VM"/>
    <property name="localRepository" value="C:\Users\Manuel\.m2\repository"/>
    <property name="java.vendor.url.bug" value="https://bugreport.java.com/bugreport/"/>
    <property name="java.io.tmpdir" value="C:\Users\Manuel\AppData\Local\Temp\"/>
    <property name="idea.version" value="2021.2.1"/>
    <property name="java.version" value="17.0.1"/>
    <property name="user.dir" value="C:\Users\Manuel\Documents\FHTW_BIF5_WS2022\SWKOM\ParcelTracking"/>
    <property name="os.arch" value="amd64"/>
    <property name="java.vm.specification.name" value="Java Virtual Machine Specification"/>
    <property name="sun.os.patch.level" value=""/>
    <property name="native.encoding" value="Cp1252"/>
    <property name="java.library.path" value="C:\Users\Manuel\.jdks\openjdk-17.0.1\bin;C:\WINDOWS\Sun\Java\bin;C:\WINDOWS\system32;C:\WINDOWS;C:\Program Files (x86)\Common Files\Oracle\Java\javapath;C:\Windows\System32;C:\Windows;C:\Windows\System32\wbem;C:\Windows\System32\WindowsPowerShell\v1.0\;C:\Program Files (x86)\NVIDIA Corporation\PhysX\Common;C:\Windows\System32;C:\Windows;C:\Windows\System32\wbem;C:\Windows\System32\WindowsPowerShell\v1.0\;C:\Program Files\Microsoft SQL Server\Client SDK\ODBC\110\Tools\Binn\;C:\Program Files (x86)\Microsoft SQL Server\120\Tools\Binn\;C:\Program Files\Microsoft SQL Server\120\Tools\Binn\;C:\Program Files\Microsoft SQL Server\120\DTS\Binn\;C:\Program Files (x86)\Windows Kits\8.1\Windows Performance Toolkit\;C:\Program Files\Java\jdk1.8.0_121\bin;C:\Program Files (x86)\QuickTime\QTSystem\;C:\Windows\System32\OpenSSH\;C:\Program Files\Java\jdk-13\bin;C:\Program Files (x86)\GnuPG\bin;C:\Program Files\nodejs\;C:\Program Files\Git\cmd;C:\Program Files\PuTTY\;C:\Program Files\Docker\Docker\resources\bin;C:\ProgramData\DockerDesktop\version-bin;C:\Users\Manuel\Python37\Scripts\;C:\Users\Manuel\Python37\;C:\Users\Manuel\AppData\Local\Microsoft\WindowsApps;C:\Users\Manuel\AppData\Local\atom\bin;C:\Users\Manuel\AppData\Local\Microsoft\WindowsApps;C:\Users\Manuel\AppData\Roaming\npm;C:\Program Files\JetBrains\IntelliJ IDEA 2021.2.1\bin;;C:\Users\Manuel\AppData\Local\GitHubDesktop\bin;C:\Users\Manuel\MinGW\bin;C:\Users\Manuel\AppData\Local\Programs\Microsoft VS Code\bin;."/>
    <property name="java.vm.info" value="mixed mode, sharing"/>
    <property name="java.vendor" value="Oracle Corporation"/>
    <property name="java.vm.version" value="17.0.1+12-39"/>
    <property name="sun.io.unicode.encoding" value="UnicodeLittle"/>
    <property name="java.class.version" value="61.0"/>
  </properties>
  <testcase name="warehouseNextHopsToWarehouseNextHopsDto" classname="at.fhtw.swen3.services.mapper.EntitiesMappersTest" time="0.008"/>
  <testcase name="hopDtoToHop" classname="at.fhtw.swen3.services.mapper.EntitiesMappersTest" time="0"/>
  <testcase name="errorToErrorDto" classname="at.fhtw.swen3.services.mapper.EntitiesMappersTest" time="0.003"/>
  <testcase name="warehouseToWarehouseDto" classname="at.fhtw.swen3.services.mapper.EntitiesMappersTest" time="0.002"/>
  <testcase name="transfarewarehouseDtoToTransferwarehouse" classname="at.fhtw.swen3.services.mapper.EntitiesMappersTest" time="0.002"/>
  <testcase name="truckDtoToTruck" classname="at.fhtw.swen3.services.mapper.EntitiesMappersTest" time="0.002"/>
  <testcase name="transfarewarehouseToTransferwarehouseDto" classname="at.fhtw.swen3.services.mapper.EntitiesMappersTest" time="0"/>
  <testcase name="hopToHopDto" classname="at.fhtw.swen3.services.mapper.EntitiesMappersTest" time="0"/>
  <testcase name="hopArrivalToHopArrivalDto" classname="at.fhtw.swen3.services.mapper.EntitiesMappersTest" time="0.066"/>
  <testcase name="recipientDtoToRecipient" classname="at.fhtw.swen3.services.mapper.EntitiesMappersTest" time="0.001"/>
  <testcase name="recipientToRecipientDto" classname="at.fhtw.swen3.services.mapper.EntitiesMappersTest" time="0"/>
  <testcase name="geoCoordinateDtoToGeoCoordinate" classname="at.fhtw.swen3.services.mapper.EntitiesMappersTest" time="0"/>
  <testcase name="warehouseDtoToWarehouse" classname="at.fhtw.swen3.services.mapper.EntitiesMappersTest" time="0"/>
  <testcase name="errorDtoToError" classname="at.fhtw.swen3.services.mapper.EntitiesMappersTest" time="0"/>
  <testcase name="geoCoordinateToGeoCoordinateDto" classname="at.fhtw.swen3.services.mapper.EntitiesMappersTest" time="0.001"/>
  <testcase name="warehouseNextHopsDtoToWarehouseNextHops" classname="at.fhtw.swen3.services.mapper.EntitiesMappersTest" time="0"/>
  <testcase name="truckToTruckDto" classname="at.fhtw.swen3.services.mapper.EntitiesMappersTest" time="0"/>
  <testcase name="hopArrivalDtoToHopArrival" classname="at.fhtw.swen3.services.mapper.EntitiesMappersTest" time="0"/>
</testsuite>